C:\Program Files\Microsoft Visual Studio\2022\Community\MSBuild\Microsoft\VC\v170\Microsoft.CppBuild.targets(531,5): warning MSB8028: El directorio intermedio (Release\) contiene archivos compartidos de otro proyecto (ImGui DirectX 9 Kiero Hook 2.vcxproj). Esto puede dar lugar a un comportamiento incorrecto de limpieza y recompilación.
  cgui.cpp
  debug.cpp
  drawing.cpp
  imgui.cpp
  imgui_demo.cpp
  imgui_draw.cpp
  imgui_impl_dx9.cpp
  imgui_impl_win32.cpp
  imgui_widgets.cpp
  kiero.cpp
  main.cpp
  buffer.c
  hde32.c
  hde64.c
  hook.c
  trampoline.c
  Generando código
  Previous IPDB not found, fall back to full compilation.
  All 949 functions were compiled because no usable IPDB/IOBJ from previous compilation was found.
  Generación de código finalizada
  ImGui DirectX 9 Kiero Hook 2.vcxproj -> C:\Users\xGaLa\source\repos\Grisco-Cheat_v1\Release\Grisco-Cheat_v1.dll
