c:\users\xgala\source\repos\grisco-cheat_v1\imgui directx 9 kiero hook 2\release\vc143.pdb
c:\users\xgala\source\repos\grisco-cheat_v1\imgui directx 9 kiero hook 2\release\main.obj
c:\users\xgala\source\repos\grisco-cheat_v1\imgui directx 9 kiero hook 2\release\kiero.obj
c:\users\xgala\source\repos\grisco-cheat_v1\imgui directx 9 kiero hook 2\release\imgui_widgets.obj
c:\users\xgala\source\repos\grisco-cheat_v1\imgui directx 9 kiero hook 2\release\imgui_impl_win32.obj
c:\users\xgala\source\repos\grisco-cheat_v1\imgui directx 9 kiero hook 2\release\imgui_impl_dx9.obj
c:\users\xgala\source\repos\grisco-cheat_v1\imgui directx 9 kiero hook 2\release\imgui_draw.obj
c:\users\xgala\source\repos\grisco-cheat_v1\imgui directx 9 kiero hook 2\release\imgui_demo.obj
c:\users\xgala\source\repos\grisco-cheat_v1\imgui directx 9 kiero hook 2\release\imgui.obj
c:\users\xgala\source\repos\grisco-cheat_v1\imgui directx 9 kiero hook 2\release\trampoline.obj
c:\users\xgala\source\repos\grisco-cheat_v1\imgui directx 9 kiero hook 2\release\hook.obj
c:\users\xgala\source\repos\grisco-cheat_v1\imgui directx 9 kiero hook 2\release\hde64.obj
c:\users\xgala\source\repos\grisco-cheat_v1\imgui directx 9 kiero hook 2\release\hde32.obj
c:\users\xgala\source\repos\grisco-cheat_v1\imgui directx 9 kiero hook 2\release\buffer.obj
c:\users\xgala\source\repos\grisco-cheat_v1\release\imgui directx 9 kiero hook 2.dll
c:\users\xgala\source\repos\grisco-cheat_v1\imgui directx 9 kiero hook 2\release\imgui directx 9 kiero hook 2.ipdb
c:\users\xgala\source\repos\grisco-cheat_v1\imgui directx 9 kiero hook 2\release\imgui directx 9 kiero hook 2.iobj
c:\users\xgala\source\repos\grisco-cheat_v1\release\imgui directx 9 kiero hook 2.pdb
c:\users\xgala\source\repos\grisco-cheat_v1\imgui directx 9 kiero hook 2\release\minhook.res
c:\users\xgala\source\repos\grisco-cheat_v1\imgui directx 9 kiero hook 2\release\imgui di.11ea4a46.tlog\cl.command.1.tlog
c:\users\xgala\source\repos\grisco-cheat_v1\imgui directx 9 kiero hook 2\release\imgui di.11ea4a46.tlog\cl.items.tlog
c:\users\xgala\source\repos\grisco-cheat_v1\imgui directx 9 kiero hook 2\release\imgui di.11ea4a46.tlog\cl.read.1.tlog
c:\users\xgala\source\repos\grisco-cheat_v1\imgui directx 9 kiero hook 2\release\imgui di.11ea4a46.tlog\cl.write.1.tlog
c:\users\xgala\source\repos\grisco-cheat_v1\imgui directx 9 kiero hook 2\release\imgui di.11ea4a46.tlog\link.command.1.tlog
c:\users\xgala\source\repos\grisco-cheat_v1\imgui directx 9 kiero hook 2\release\imgui di.11ea4a46.tlog\link.read.1.tlog
c:\users\xgala\source\repos\grisco-cheat_v1\imgui directx 9 kiero hook 2\release\imgui di.11ea4a46.tlog\link.write.1.tlog
c:\users\xgala\source\repos\grisco-cheat_v1\imgui directx 9 kiero hook 2\release\imgui di.11ea4a46.tlog\rc.command.1.tlog
c:\users\xgala\source\repos\grisco-cheat_v1\imgui directx 9 kiero hook 2\release\imgui di.11ea4a46.tlog\rc.read.1.tlog
c:\users\xgala\source\repos\grisco-cheat_v1\imgui directx 9 kiero hook 2\release\imgui di.11ea4a46.tlog\rc.write.1.tlog
